<?xml version="1.0" encoding="UTF-8"?>
<!-- Generated by org.testng.reporters.JUnitXMLReporter -->
<testsuite ignored="0" hostname="DESKTOP-1ULGF16" failures="0" tests="3" name="Test2" time="73.679" errors="0" timestamp="2025-03-20T20:43:32 IST">
  <testcase classname="Login.LoginWithTESTNG" name="LoginTest" time="34.044"/>
  <testcase classname="CampaignTest.CreateCampaignWithTestNG" name="CreateCampaignWithClosedDate" time="21.232"/>
  <testcase classname="CampaignTest.CreateCampaignWithTestNG" name="CreateCampaignWithMandatoryField" time="18.241"/>
</testsuite> <!-- Test2 -->
