<?xml version="1.0" encoding="UTF-8"?>
<testng-results ignored="0" total="2" passed="2" failed="0" skipped="0">
  <reporter-output>
    <line>
      <![CDATA[Campaign Banner117715 added successfully]]>
    </line>
    <line>
      <![CDATA[campaign Banner115674 added successfully]]>
    </line>
  </reporter-output>
  <suite started-at="2025-03-29T21:05:42 IST" name="Default suite" finished-at="2025-03-29T21:06:27 IST" duration-ms="44782">
    <groups>
    </groups>
    <test started-at="2025-03-29T21:05:42 IST" name="Default test" finished-at="2025-03-29T21:06:27 IST" duration-ms="44782">
      <class name="Basic.NinzaCRMWithTestngMethod">
        <test-method is-config="true" signature="beforeSuite()[pri:0, instance:Basic.NinzaCRMWithTestngMethod@30c15d8b]" started-at="2025-03-29T21:05:42 IST" name="beforeSuite" finished-at="2025-03-29T21:05:42 IST" duration-ms="119" status="PASS">
          <reporter-output>
          </reporter-output>
        </test-method> <!-- beforeSuite -->
        <test-method is-config="true" signature="beforeTest()[pri:0, instance:Basic.NinzaCRMWithTestngMethod@30c15d8b]" started-at="2025-03-29T21:05:43 IST" name="beforeTest" finished-at="2025-03-29T21:05:43 IST" duration-ms="1" status="PASS">
          <reporter-output>
          </reporter-output>
        </test-method> <!-- beforeTest -->
        <test-method is-config="true" signature="beforeClass()[pri:0, instance:Basic.NinzaCRMWithTestngMethod@30c15d8b]" started-at="2025-03-29T21:05:43 IST" name="beforeClass" finished-at="2025-03-29T21:05:47 IST" duration-ms="4634" status="PASS">
          <reporter-output>
          </reporter-output>
        </test-method> <!-- beforeClass -->
        <test-method is-config="true" signature="beforeMethod()[pri:0, instance:Basic.NinzaCRMWithTestngMethod@30c15d8b]" started-at="2025-03-29T21:05:47 IST" name="beforeMethod" finished-at="2025-03-29T21:05:52 IST" duration-ms="4496" status="PASS">
          <reporter-output>
          </reporter-output>
        </test-method> <!-- beforeMethod -->
        <test-method signature="createCampaignTest()[pri:0, instance:Basic.NinzaCRMWithTestngMethod@30c15d8b]" started-at="2025-03-29T21:05:52 IST" name="createCampaignTest" finished-at="2025-03-29T21:06:10 IST" duration-ms="18080" status="PASS">
          <reporter-output>
            <line>
              <![CDATA[Campaign Banner117715 added successfully]]>
            </line>
          </reporter-output>
        </test-method> <!-- createCampaignTest -->
        <test-method is-config="true" signature="afterMethod()[pri:0, instance:Basic.NinzaCRMWithTestngMethod@30c15d8b]" started-at="2025-03-29T21:06:10 IST" name="afterMethod" finished-at="2025-03-29T21:06:10 IST" duration-ms="158" status="PASS">
          <reporter-output>
          </reporter-output>
        </test-method> <!-- afterMethod -->
        <test-method is-config="true" signature="beforeMethod()[pri:0, instance:Basic.NinzaCRMWithTestngMethod@30c15d8b]" started-at="2025-03-29T21:06:10 IST" name="beforeMethod" finished-at="2025-03-29T21:06:12 IST" duration-ms="1934" status="PASS">
          <reporter-output>
          </reporter-output>
        </test-method> <!-- beforeMethod -->
        <test-method signature="createCampaignWithDateTest()[pri:0, instance:Basic.NinzaCRMWithTestngMethod@30c15d8b]" started-at="2025-03-29T21:06:12 IST" name="createCampaignWithDateTest" finished-at="2025-03-29T21:06:26 IST" duration-ms="14053" status="PASS">
          <reporter-output>
            <line>
              <![CDATA[campaign Banner115674 added successfully]]>
            </line>
          </reporter-output>
        </test-method> <!-- createCampaignWithDateTest -->
        <test-method is-config="true" signature="afterMethod()[pri:0, instance:Basic.NinzaCRMWithTestngMethod@30c15d8b]" started-at="2025-03-29T21:06:26 IST" name="afterMethod" finished-at="2025-03-29T21:06:26 IST" duration-ms="195" status="PASS">
          <reporter-output>
          </reporter-output>
        </test-method> <!-- afterMethod -->
        <test-method is-config="true" signature="afterClass()[pri:0, instance:Basic.NinzaCRMWithTestngMethod@30c15d8b]" started-at="2025-03-29T21:06:26 IST" name="afterClass" finished-at="2025-03-29T21:06:27 IST" duration-ms="1017" status="PASS">
          <reporter-output>
          </reporter-output>
        </test-method> <!-- afterClass -->
        <test-method is-config="true" signature="afterTest()[pri:0, instance:Basic.NinzaCRMWithTestngMethod@30c15d8b]" started-at="2025-03-29T21:06:27 IST" name="afterTest" finished-at="2025-03-29T21:06:27 IST" duration-ms="0" status="PASS">
          <reporter-output>
          </reporter-output>
        </test-method> <!-- afterTest -->
        <test-method is-config="true" signature="afterSuite()[pri:0, instance:Basic.NinzaCRMWithTestngMethod@30c15d8b]" started-at="2025-03-29T21:06:29 IST" name="afterSuite" finished-at="2025-03-29T21:06:29 IST" duration-ms="4" status="FAIL">
          <exception class="java.lang.NullPointerException">
            <message>
              <![CDATA[Cannot invoke "java.sql.Connection.close()" because "this.conn" is null]]>
            </message>
            <full-stacktrace>
              <![CDATA[java.lang.NullPointerException: Cannot invoke "java.sql.Connection.close()" because "this.conn" is null
at GenericUtility.DatabaseUtility.closeConnection(DatabaseUtility.java:33)
at BaseClassUtility.BaseClass.afterSuite(BaseClass.java:186)
at java.base/jdk.internal.reflect.DirectMethodHandleAccessor.invoke(DirectMethodHandleAccessor.java:103)
at java.base/java.lang.reflect.Method.invoke(Method.java:580)
at org.testng.internal.MethodInvocationHelper.invokeMethod(MethodInvocationHelper.java:133)
at org.testng.internal.MethodInvocationHelper.invokeMethodConsideringTimeout(MethodInvocationHelper.java:62)
at org.testng.internal.ConfigInvoker.invokeConfigurationMethod(ConfigInvoker.java:385)
at org.testng.internal.ConfigInvoker.invokeConfigurations(ConfigInvoker.java:321)
at org.testng.SuiteRunner.privateRun(SuiteRunner.java:344)
at org.testng.SuiteRunner.run(SuiteRunner.java:276)
at org.testng.SuiteRunnerWorker.runSuite(SuiteRunnerWorker.java:53)
at org.testng.SuiteRunnerWorker.run(SuiteRunnerWorker.java:96)
at org.testng.TestNG.runSuitesSequentially(TestNG.java:1212)
at org.testng.TestNG.runSuitesLocally(TestNG.java:1134)
at org.testng.TestNG.runSuites(TestNG.java:1063)
at org.testng.TestNG.run(TestNG.java:1031)
at org.testng.remote.AbstractRemoteTestNG.run(AbstractRemoteTestNG.java:115)
at org.testng.remote.RemoteTestNG.initAndRun(RemoteTestNG.java:293)
at org.testng.remote.RemoteTestNG.main(RemoteTestNG.java:91)
]]>
            </full-stacktrace>
          </exception> <!-- java.lang.NullPointerException -->
          <reporter-output>
          </reporter-output>
        </test-method> <!-- afterSuite -->
      </class> <!-- Basic.NinzaCRMWithTestngMethod -->
    </test> <!-- Default test -->
  </suite> <!-- Default suite -->
</testng-results>
