<?xml version="1.0" encoding="UTF-8"?>
<testng-results ignored="0" total="1" passed="1" failed="0" skipped="0">
  <reporter-output>
    <line>
      <![CDATA[Validation is passed]]>
    </line>
  </reporter-output>
  <suite started-at="2025-04-03T16:49:04 IST" name="Default suite" finished-at="2025-04-03T16:49:13 IST" duration-ms="9010">
    <groups>
      <group name="SmokeTest">
        <method signature="LoginWithTESTNG.addloginTest()[pri:0, instance:Login.LoginWithTESTNG@35e2d654]" name="addloginTest" class="Login.LoginWithTESTNG"/>
      </group> <!-- SmokeTest -->
    </groups>
    <test started-at="2025-04-03T16:49:04 IST" name="Default test" finished-at="2025-04-03T16:49:13 IST" duration-ms="9010">
      <class name="Login.LoginWithTESTNG">
        <test-method signature="addloginTest()[pri:0, instance:Login.LoginWithTESTNG@35e2d654]" started-at="2025-04-03T16:49:04 IST" name="addloginTest" finished-at="2025-04-03T16:49:13 IST" duration-ms="8962" status="PASS">
          <reporter-output>
            <line>
              <![CDATA[Validation is passed]]>
            </line>
          </reporter-output>
        </test-method> <!-- addloginTest -->
      </class> <!-- Login.LoginWithTESTNG -->
    </test> <!-- Default test -->
  </suite> <!-- Default suite -->
</testng-results>
